#
# There is insufficient memory for the Java Runtime Environment to continue.
# Native memory allocation (mmap) failed to map 78118912 bytes for committing reserved memory.
# Possible reasons:
#   The system is out of physical RAM or swap space
#   In 32 bit mode, the process size limit was hit
# Possible solutions:
#   Reduce memory load on the system
#   Increase physical memory or swap space
#   Check if swap backing store is full
#   Use 64 bit Java on a 64 bit OS
#   Decrease Java heap size (-Xmx/-Xms)
#   Decrease number of Java threads
#   Decrease Java thread stack sizes (-Xss)
#   Set larger code cache with -XX:ReservedCodeCacheSize=
# This output file may be truncated or incomplete.
#
#  Out of Memory Error (os_linux.cpp:2640), pid=4241, tid=0x00007f49d3784700
#
# JRE version: OpenJDK Runtime Environment (8.0_162-b12) (build 1.8.0_162-b12)
# Java VM: OpenJDK 64-Bit Server VM (25.162-b12 mixed mode linux-amd64 compressed oops)
# Core dump written. Default location: /home/terrainwax/Repo/PSU_myftp_2017/core or core.4241
#

---------------  T H R E A D  ---------------

Current thread (0x00007f49f813e800):  VMThread [stack: 0x00007f49d3685000,0x00007f49d3785000] [id=4247]

Stack: [0x00007f49d3685000,0x00007f49d3785000],  sp=0x00007f49d3783480,  free space=1017k
Native frames: (J=compiled Java code, j=interpreted, Vv=VM code, C=native code)
V  [libjvm.so+0xaa80b2]
V  [libjvm.so+0x4d92c7]
V  [libjvm.so+0x8e3eb0]
V  [libjvm.so+0x8de45e]
V  [libjvm.so+0x95ea76]
V  [libjvm.so+0x95fde8]
V  [libjvm.so+0x95c3e6]
V  [libjvm.so+0x95c77c]
V  [libjvm.so+0x90b068]
V  [libjvm.so+0xaa9d62]
V  [libjvm.so+0xaaef06]
V  [libjvm.so+0xaac651]
V  [libjvm.so+0xaadaf3]
V  [libjvm.so+0xaaded7]
V  [libjvm.so+0x8e1322]

VM_Operation (0x00007f49d24b05f0): ParallelGCFailedAllocation, mode: safepoint, requested by thread 0x00007f49f8236800


---------------  P R O C E S S  ---------------

Java Threads: ( => current thread )
  0x00007f49f8236800 JavaThread "Thread-4" [_thread_blocked, id=4260, stack(0x00007f49d23b1000,0x00007f49d24b2000)]
  0x00007f49f81a1000 JavaThread "Service Thread" daemon [_thread_blocked, id=4254, stack(0x00007f49d2de2000,0x00007f49d2ee3000)]
  0x00007f49f8183800 JavaThread "C1 CompilerThread2" daemon [_thread_blocked, id=4253, stack(0x00007f49d2ee4000,0x00007f49d2fe4000)]
  0x00007f49f8182000 JavaThread "C2 CompilerThread1" daemon [_thread_in_native, id=4252, stack(0x00007f49d2fe5000,0x00007f49d30e5000)]
  0x00007f49f817f000 JavaThread "C2 CompilerThread0" daemon [_thread_blocked, id=4251, stack(0x00007f49d30e6000,0x00007f49d31e6000)]
  0x00007f49f817d800 JavaThread "Signal Dispatcher" daemon [_thread_blocked, id=4250, stack(0x00007f49d31e6000,0x00007f49d32e7000)]
  0x00007f49f814a800 JavaThread "Finalizer" daemon [_thread_blocked, id=4249, stack(0x00007f49d3482000,0x00007f49d3583000)]
  0x00007f49f8146000 JavaThread "Reference Handler" daemon [_thread_blocked, id=4248, stack(0x00007f49d3583000,0x00007f49d3684000)]
  0x00007f49f800a000 JavaThread "main" [_thread_blocked, id=4242, stack(0x00007f49ffb06000,0x00007f49ffc06000)]

Other Threads:
=>0x00007f49f813e800 VMThread [stack: 0x00007f49d3685000,0x00007f49d3785000] [id=4247]
  0x00007f49f81a3800 WatcherThread [stack: 0x00007f49d2ce2000,0x00007f49d2de2000] [id=4255]

VM state:at safepoint (normal execution)

VM Mutex/Monitor currently owned by a thread:  ([mutex/lock_event])
[0x00007f49f8007600] Threads_lock - owner thread: 0x00007f49f813e800
[0x00007f49f8007b00] Heap_lock - owner thread: 0x00007f49f8236800

Heap:
 PSYoungGen      total 129536K, used 64K [0x00000000d7100000, 0x00000000df200000, 0x0000000100000000)
  eden space 126976K, 0% used [0x00000000d7100000,0x00000000d7100000,0x00000000ded00000)
  from space 2560K, 2% used [0x00000000ded00000,0x00000000ded10000,0x00000000def80000)
  to   space 2560K, 0% used [0x00000000def80000,0x00000000def80000,0x00000000df200000)
 ParOldGen       total 84992K, used 1240K [0x0000000085200000, 0x000000008a500000, 0x00000000d7100000)
  object space 84992K, 1% used [0x0000000085200000,0x0000000085336258,0x000000008a500000)
 Metaspace       used 4428K, capacity 4856K, committed 5120K, reserved 1056768K
  class space    used 481K, capacity 496K, committed 512K, reserved 1048576K

Card table byte_map: [0x00007f49fc942000,0x00007f49fcd1a000] byte_map_base: 0x00007f49fc519000

Marking Bits: (ParMarkBitMap*) 0x00007f49fedfa0c0
 Begin Bits: [0x00007f49d4290000, 0x00007f49d6148000)
 End Bits:   [0x00007f49d6148000, 0x00007f49d8000000)

Polling page: 0x00007f49ffc39000

CodeCache: size=245760Kb used=2535Kb max_used=2535Kb free=243224Kb
 bounds [0x00007f49e9000000, 0x00007f49e9280000, 0x00007f49f8000000]
 total_blobs=818 nmethods=543 adapters=190
 compilation: enabled

Compilation events (10 events):
Event: 1,496 Thread 0x00007f49f8183800  565       1       java.lang.InheritableThreadLocal::getMap (5 bytes)
Event: 1,496 Thread 0x00007f49f8183800 nmethod 565 0x00007f49e927c1d0 code [0x00007f49e927c320, 0x00007f49e927c430]
Event: 1,499 Thread 0x00007f49f8183800  566   !   3       java.io.PrintStream::write (83 bytes)
Event: 1,500 Thread 0x00007f49f8183800 nmethod 566 0x00007f49e927ac50 code [0x00007f49e927ae80, 0x00007f49e927ba48]
Event: 1,500 Thread 0x00007f49f8183800  567   !   3       java.io.PrintStream::newLine (73 bytes)
Event: 1,500 Thread 0x00007f49f8183800 nmethod 567 0x00007f49e9270b10 code [0x00007f49e9270d40, 0x00007f49e9271798]
Event: 1,501 Thread 0x00007f49f8183800  568       3       java.lang.Integer::toString (8 bytes)
Event: 1,501 Thread 0x00007f49f8183800 nmethod 568 0x00007f49e927a8d0 code [0x00007f49e927aa40, 0x00007f49e927abc8]
Event: 1,501 Thread 0x00007f49f8183800  569       3       java.lang.Integer::toString (48 bytes)
Event: 1,501 Thread 0x00007f49f8183800 nmethod 569 0x00007f49e926ff50 code [0x00007f49e9270120, 0x00007f49e9270768]

GC Heap History (10 events):
Event: 0,869 GC heap after
Heap after GC invocations=4 (full 0):
 PSYoungGen      total 36864K, used 1544K [0x00000000d7100000, 0x00000000db900000, 0x0000000100000000)
  eden space 31744K, 0% used [0x00000000d7100000,0x00000000d7100000,0x00000000d9000000)
  from space 5120K, 30% used [0x00000000d9500000,0x00000000d96821d8,0x00000000d9a00000)
  to   space 5120K, 0% used [0x00000000d9000000,0x00000000d9000000,0x00000000d9500000)
 ParOldGen       total 84992K, used 32K [0x0000000085200000, 0x000000008a500000, 0x00000000d7100000)
  object space 84992K, 0% used [0x0000000085200000,0x0000000085208000,0x000000008a500000)
 Metaspace       used 4368K, capacity 4856K, committed 5120K, reserved 1056768K
  class space    used 481K, capacity 496K, committed 512K, reserved 1048576K
}
Event: 0,943 GC heap before
{Heap before GC invocations=5 (full 0):
 PSYoungGen      total 36864K, used 33288K [0x00000000d7100000, 0x00000000db900000, 0x0000000100000000)
  eden space 31744K, 100% used [0x00000000d7100000,0x00000000d9000000,0x00000000d9000000)
  from space 5120K, 30% used [0x00000000d9500000,0x00000000d96821d8,0x00000000d9a00000)
  to   space 5120K, 0% used [0x00000000d9000000,0x00000000d9000000,0x00000000d9500000)
 ParOldGen       total 84992K, used 32K [0x0000000085200000, 0x000000008a500000, 0x00000000d7100000)
  object space 84992K, 0% used [0x0000000085200000,0x0000000085208000,0x000000008a500000)
 Metaspace       used 4372K, capacity 4856K, committed 5120K, reserved 1056768K
  class space    used 481K, capacity 496K, committed 512K, reserved 1048576K
Event: 0,946 GC heap after
Heap after GC invocations=5 (full 0):
 PSYoungGen      total 36864K, used 1328K [0x00000000d7100000, 0x00000000db400000, 0x0000000100000000)
  eden space 31744K, 0% used [0x00000000d7100000,0x00000000d7100000,0x00000000d9000000)
  from space 5120K, 25% used [0x00000000d9000000,0x00000000d914c010,0x00000000d9500000)
  to   space 2560K, 0% used [0x00000000db180000,0x00000000db180000,0x00000000db400000)
 ParOldGen       total 84992K, used 40K [0x0000000085200000, 0x000000008a500000, 0x00000000d7100000)
  object space 84992K, 0% used [0x0000000085200000,0x000000008520a000,0x000000008a500000)
 Metaspace       used 4372K, capacity 4856K, committed 5120K, reserved 1056768K
  class space    used 481K, capacity 496K, committed 512K, reserved 1048576K
}
Event: 1,039 GC heap before
{Heap before GC invocations=6 (full 0):
 PSYoungGen      total 36864K, used 33072K [0x00000000d7100000, 0x00000000db400000, 0x0000000100000000)
  eden space 31744K, 100% used [0x00000000d7100000,0x00000000d9000000,0x00000000d9000000)
  from space 5120K, 25% used [0x00000000d9000000,0x00000000d914c010,0x00000000d9500000)
  to   space 2560K, 0% used [0x00000000db180000,0x00000000db180000,0x00000000db400000)
 ParOldGen       total 84992K, used 40K [0x0000000085200000, 0x000000008a500000, 0x00000000d7100000)
  object space 84992K, 0% used [0x0000000085200000,0x000000008520a000,0x000000008a500000)
 Metaspace       used 4410K, capacity 4856K, committed 5120K, reserved 1056768K
  class space    used 481K, capacity 496K, committed 512K, reserved 1048576K
Event: 1,042 GC heap after
Heap after GC invocations=6 (full 0):
 PSYoungGen      total 66048K, used 1216K [0x00000000d7100000, 0x00000000db400000, 0x0000000100000000)
  eden space 63488K, 0% used [0x00000000d7100000,0x00000000d7100000,0x00000000daf00000)
  from space 2560K, 47% used [0x00000000db180000,0x00000000db2b0020,0x00000000db400000)
  to   space 2560K, 0% used [0x00000000daf00000,0x00000000daf00000,0x00000000db180000)
 ParOldGen       total 84992K, used 48K [0x0000000085200000, 0x000000008a500000, 0x00000000d7100000)
  object space 84992K, 0% used [0x0000000085200000,0x000000008520c000,0x000000008a500000)
 Metaspace       used 4410K, capacity 4856K, committed 5120K, reserved 1056768K
  class space    used 481K, capacity 496K, committed 512K, reserved 1048576K
}
Event: 1,192 GC heap before
{Heap before GC invocations=7 (full 0):
 PSYoungGen      total 66048K, used 64704K [0x00000000d7100000, 0x00000000db400000, 0x0000000100000000)
  eden space 63488K, 100% used [0x00000000d7100000,0x00000000daf00000,0x00000000daf00000)
  from space 2560K, 47% used [0x00000000db180000,0x00000000db2b0020,0x00000000db400000)
  to   space 2560K, 0% used [0x00000000daf00000,0x00000000daf00000,0x00000000db180000)
 ParOldGen       total 84992K, used 48K [0x0000000085200000, 0x000000008a500000, 0x00000000d7100000)
  object space 84992K, 0% used [0x0000000085200000,0x000000008520c000,0x000000008a500000)
 Metaspace       used 4426K, capacity 4856K, committed 5120K, reserved 1056768K
  class space    used 481K, capacity 496K, committed 512K, reserved 1048576K
Event: 1,197 GC heap after
Heap after GC invocations=7 (full 0):
 PSYoungGen      total 66048K, used 608K [0x00000000d7100000, 0x00000000df200000, 0x0000000100000000)
  eden space 63488K, 0% used [0x00000000d7100000,0x00000000d7100000,0x00000000daf00000)
  from space 2560K, 23% used [0x00000000daf00000,0x00000000daf98000,0x00000000db180000)
  to   space 2560K, 0% used [0x00000000def80000,0x00000000def80000,0x00000000df200000)
 ParOldGen       total 84992K, used 688K [0x0000000085200000, 0x000000008a500000, 0x00000000d7100000)
  object space 84992K, 0% used [0x0000000085200000,0x00000000852ac0b0,0x000000008a500000)
 Metaspace       used 4426K, capacity 4856K, committed 5120K, reserved 1056768K
  class space    used 481K, capacity 496K, committed 512K, reserved 1048576K
}
Event: 1,321 GC heap before
{Heap before GC invocations=8 (full 0):
 PSYoungGen      total 66048K, used 64096K [0x00000000d7100000, 0x00000000df200000, 0x0000000100000000)
  eden space 63488K, 100% used [0x00000000d7100000,0x00000000daf00000,0x00000000daf00000)
  from space 2560K, 23% used [0x00000000daf00000,0x00000000daf98000,0x00000000db180000)
  to   space 2560K, 0% used [0x00000000def80000,0x00000000def80000,0x00000000df200000)
 ParOldGen       total 84992K, used 688K [0x0000000085200000, 0x000000008a500000, 0x00000000d7100000)
  object space 84992K, 0% used [0x0000000085200000,0x00000000852ac0b0,0x000000008a500000)
 Metaspace       used 4428K, capacity 4856K, committed 5120K, reserved 1056768K
  class space    used 481K, capacity 496K, committed 512K, reserved 1048576K
Event: 1,324 GC heap after
Heap after GC invocations=8 (full 0):
 PSYoungGen      total 129536K, used 544K [0x00000000d7100000, 0x00000000df200000, 0x0000000100000000)
  eden space 126976K, 0% used [0x00000000d7100000,0x00000000d7100000,0x00000000ded00000)
  from space 2560K, 21% used [0x00000000def80000,0x00000000df008000,0x00000000df200000)
  to   space 2560K, 0% used [0x00000000ded00000,0x00000000ded00000,0x00000000def80000)
 ParOldGen       total 84992K, used 696K [0x0000000085200000, 0x000000008a500000, 0x00000000d7100000)
  object space 84992K, 0% used [0x0000000085200000,0x00000000852ae0b0,0x000000008a500000)
 Metaspace       used 4428K, capacity 4856K, committed 5120K, reserved 1056768K
  class space    used 481K, capacity 496K, committed 512K, reserved 1048576K
}
Event: 1,569 GC heap before
{Heap before GC invocations=9 (full 0):
 PSYoungGen      total 129536K, used 127520K [0x00000000d7100000, 0x00000000df200000, 0x0000000100000000)
  eden space 126976K, 100% used [0x00000000d7100000,0x00000000ded00000,0x00000000ded00000)
  from space 2560K, 21% used [0x00000000def80000,0x00000000df008000,0x00000000df200000)
  to   space 2560K, 0% used [0x00000000ded00000,0x00000000ded00000,0x00000000def80000)
 ParOldGen       total 84992K, used 696K [0x0000000085200000, 0x000000008a500000, 0x00000000d7100000)
  object space 84992K, 0% used [0x0000000085200000,0x00000000852ae0b0,0x000000008a500000)
 Metaspace       used 4428K, capacity 4856K, committed 5120K, reserved 1056768K
  class space    used 481K, capacity 496K, committed 512K, reserved 1048576K

Deoptimization events (10 events):
Event: 1,213 Thread 0x00007f49f8236800 Uncommon trap: reason=bimorphic action=maybe_recompile pc=0x00007f49e92191fc method=java.util.regex.Pattern$Start.match(Ljava/util/regex/Matcher;ILjava/lang/CharSequence;)Z @ 44
Event: 1,213 Thread 0x00007f49f8236800 Uncommon trap: reason=bimorphic action=maybe_recompile pc=0x00007f49e92191fc method=java.util.regex.Pattern$Start.match(Ljava/util/regex/Matcher;ILjava/lang/CharSequence;)Z @ 44
Event: 1,216 Thread 0x00007f49f8236800 Uncommon trap: reason=class_check action=maybe_recompile pc=0x00007f49e91e8538 method=java.util.regex.Pattern$Slice.match(Ljava/util/regex/Matcher;ILjava/lang/CharSequence;)Z @ 75
Event: 1,229 Thread 0x00007f49f8236800 Uncommon trap: reason=class_check action=maybe_recompile pc=0x00007f49e91e8538 method=java.util.regex.Pattern$Slice.match(Ljava/util/regex/Matcher;ILjava/lang/CharSequence;)Z @ 75
Event: 1,236 Thread 0x00007f49f8236800 Uncommon trap: reason=class_check action=maybe_recompile pc=0x00007f49e92508d0 method=java.util.regex.Pattern$Bound.match(Ljava/util/regex/Matcher;ILjava/lang/CharSequence;)Z @ 22
Event: 1,236 Thread 0x00007f49f8236800 Uncommon trap: reason=unstable_if action=reinterpret pc=0x00007f49e9250734 method=java.util.regex.Pattern$Bound.match(Ljava/util/regex/Matcher;ILjava/lang/CharSequence;)Z @ 25
Event: 1,241 Thread 0x00007f49f8236800 Uncommon trap: reason=class_check action=maybe_recompile pc=0x00007f49e91e8538 method=java.util.regex.Pattern$Slice.match(Ljava/util/regex/Matcher;ILjava/lang/CharSequence;)Z @ 75
Event: 1,252 Thread 0x00007f49f8236800 Uncommon trap: reason=class_check action=maybe_recompile pc=0x00007f49e91e8538 method=java.util.regex.Pattern$Slice.match(Ljava/util/regex/Matcher;ILjava/lang/CharSequence;)Z @ 75
Event: 1,254 Thread 0x00007f49f8236800 Uncommon trap: reason=unstable_if action=reinterpret pc=0x00007f49e9257a04 method=java.util.regex.Pattern$Bound.check(Ljava/util/regex/Matcher;ILjava/lang/CharSequence;)I @ 87
Event: 1,262 Thread 0x00007f49f8236800 Uncommon trap: reason=unstable_if action=reinterpret pc=0x00007f49e925c678 method=java.util.regex.Pattern$Bound.check(Ljava/util/regex/Matcher;ILjava/lang/CharSequence;)I @ 87

Classes redefined (0 events):
No events

Internal exceptions (8 events):
Event: 0,069 Thread 0x00007f49f800a000 Exception <a 'java/lang/NoSuchMethodError': Method sun.misc.Unsafe.defineClass(Ljava/lang/String;[BII)Ljava/lang/Class; name or signature does not match> (0x00000000d7107ca0) thrown at [/build/java8-openjdk/src/jdk8u-jdk8u162-b12/hotspot/src/share/vm/prim
Event: 0,069 Thread 0x00007f49f800a000 Exception <a 'java/lang/NoSuchMethodError': Method sun.misc.Unsafe.prefetchRead(Ljava/lang/Object;J)V name or signature does not match> (0x00000000d7107f88) thrown at [/build/java8-openjdk/src/jdk8u-jdk8u162-b12/hotspot/src/share/vm/prims/jni.cpp, line 40
Event: 0,150 Thread 0x00007f49f800a000 Exception <a 'java/security/PrivilegedActionException'> (0x00000000d724b718) thrown at [/build/java8-openjdk/src/jdk8u-jdk8u162-b12/hotspot/src/share/vm/prims/jvm.cpp, line 1390]
Event: 0,150 Thread 0x00007f49f800a000 Exception <a 'java/security/PrivilegedActionException'> (0x00000000d724b928) thrown at [/build/java8-openjdk/src/jdk8u-jdk8u162-b12/hotspot/src/share/vm/prims/jvm.cpp, line 1390]
Event: 0,150 Thread 0x00007f49f800a000 Exception <a 'java/security/PrivilegedActionException'> (0x00000000d724d7c8) thrown at [/build/java8-openjdk/src/jdk8u-jdk8u162-b12/hotspot/src/share/vm/prims/jvm.cpp, line 1390]
Event: 0,150 Thread 0x00007f49f800a000 Exception <a 'java/security/PrivilegedActionException'> (0x00000000d724d9d8) thrown at [/build/java8-openjdk/src/jdk8u-jdk8u162-b12/hotspot/src/share/vm/prims/jvm.cpp, line 1390]
Event: 0,150 Thread 0x00007f49f800a000 Exception <a 'java/security/PrivilegedActionException'> (0x00000000d724e438) thrown at [/build/java8-openjdk/src/jdk8u-jdk8u162-b12/hotspot/src/share/vm/prims/jvm.cpp, line 1390]
Event: 0,150 Thread 0x00007f49f800a000 Exception <a 'java/security/PrivilegedActionException'> (0x00000000d724e648) thrown at [/build/java8-openjdk/src/jdk8u-jdk8u162-b12/hotspot/src/share/vm/prims/jvm.cpp, line 1390]

Events (10 events):
Event: 1,252 Thread 0x00007f49f8236800 DEOPT UNPACKING pc=0x00007f49e904547a sp=0x00007f49d24b0608 mode 2
Event: 1,254 Thread 0x00007f49f8236800 Uncommon trap: trap_request=0xffffff65 fr.pc=0x00007f49e9257a04
Event: 1,254 Thread 0x00007f49f8236800 DEOPT PACKING pc=0x00007f49e9257a04 sp=0x00007f49d24b0540
Event: 1,254 Thread 0x00007f49f8236800 DEOPT UNPACKING pc=0x00007f49e904547a sp=0x00007f49d24b0498 mode 2
Event: 1,262 Thread 0x00007f49f8236800 Uncommon trap: trap_request=0xffffff65 fr.pc=0x00007f49e925c678
Event: 1,262 Thread 0x00007f49f8236800 DEOPT PACKING pc=0x00007f49e925c678 sp=0x00007f49d24b0540
Event: 1,262 Thread 0x00007f49f8236800 DEOPT UNPACKING pc=0x00007f49e904547a sp=0x00007f49d24b04e8 mode 2
Event: 1,321 Executing VM operation: ParallelGCFailedAllocation
Event: 1,324 Executing VM operation: ParallelGCFailedAllocation done
Event: 1,569 Executing VM operation: ParallelGCFailedAllocation


Dynamic libraries:
85200000-8a500000 rw-p 00000000 00:00 0 
8a500000-d7100000 ---p 00000000 00:00 0 
d7100000-df200000 rw-p 00000000 00:00 0 
e3c80000-100000000 ---p 00000000 00:00 0 
100000000-100080000 rw-p 00000000 00:00 0 
100080000-140000000 ---p 00000000 00:00 0 
560b0c5bf000-560b0c5c0000 r-xp 00000000 08:09 1720037                    /usr/lib/jvm/java-8-openjdk/jre/bin/java
560b0c7bf000-560b0c7c0000 r--p 00000000 08:09 1720037                    /usr/lib/jvm/java-8-openjdk/jre/bin/java
560b0c7c0000-560b0c7c1000 rw-p 00001000 08:09 1720037                    /usr/lib/jvm/java-8-openjdk/jre/bin/java
560b0de98000-560b0dedb000 rw-p 00000000 00:00 0                          [heap]
7f4964000000-7f4964021000 rw-p 00000000 00:00 0 
7f4964021000-7f4968000000 ---p 00000000 00:00 0 
7f4968000000-7f4968021000 rw-p 00000000 00:00 0 
7f4968021000-7f496c000000 ---p 00000000 00:00 0 
7f496c000000-7f496c021000 rw-p 00000000 00:00 0 
7f496c021000-7f4970000000 ---p 00000000 00:00 0 
7f4970000000-7f4970021000 rw-p 00000000 00:00 0 
7f4970021000-7f4974000000 ---p 00000000 00:00 0 
7f4974000000-7f4974021000 rw-p 00000000 00:00 0 
7f4974021000-7f4978000000 ---p 00000000 00:00 0 
7f4978000000-7f4978021000 rw-p 00000000 00:00 0 
7f4978021000-7f497c000000 ---p 00000000 00:00 0 
7f497c000000-7f497c021000 rw-p 00000000 00:00 0 
7f497c021000-7f4980000000 ---p 00000000 00:00 0 
7f4983bfa000-7f4983bfc000 r-xp 00000000 08:09 1571972                    /usr/lib/libutil-2.26.so
7f4983bfc000-7f4983dfb000 ---p 00002000 08:09 1571972                    /usr/lib/libutil-2.26.so
7f4983dfb000-7f4983dfc000 r--p 00001000 08:09 1571972                    /usr/lib/libutil-2.26.so
7f4983dfc000-7f4983dfd000 rw-p 00002000 08:09 1571972                    /usr/lib/libutil-2.26.so
7f4983dfd000-7f4983e00000 r-xp 00000000 00:2b 839617                     /tmp/libjansi-4231380910976776509.so
7f4983e00000-7f4983fff000 ---p 00003000 00:2b 839617                     /tmp/libjansi-4231380910976776509.so
7f4983fff000-7f4984000000 rw-p 00002000 00:2b 839617                     /tmp/libjansi-4231380910976776509.so
7f4984000000-7f4984021000 rw-p 00000000 00:00 0 
7f4984021000-7f4988000000 ---p 00000000 00:00 0 
7f4988000000-7f4988021000 rw-p 00000000 00:00 0 
7f4988021000-7f498c000000 ---p 00000000 00:00 0 
7f498c000000-7f498c021000 rw-p 00000000 00:00 0 
7f498c021000-7f4990000000 ---p 00000000 00:00 0 
7f4990000000-7f4990021000 rw-p 00000000 00:00 0 
7f4990021000-7f4994000000 ---p 00000000 00:00 0 
7f4994000000-7f499402f000 rw-p 00000000 00:00 0 
7f499402f000-7f4998000000 ---p 00000000 00:00 0 
7f4998000000-7f4998021000 rw-p 00000000 00:00 0 
7f4998021000-7f499c000000 ---p 00000000 00:00 0 
7f499c000000-7f499c021000 rw-p 00000000 00:00 0 
7f499c021000-7f49a0000000 ---p 00000000 00:00 0 
7f49a0000000-7f49a0021000 rw-p 00000000 00:00 0 
7f49a0021000-7f49a4000000 ---p 00000000 00:00 0 
7f49a4000000-7f49a4024000 rw-p 00000000 00:00 0 
7f49a4024000-7f49a8000000 ---p 00000000 00:00 0 
7f49a8000000-7f49a8099000 rw-p 00000000 00:00 0 
7f49a8099000-7f49ac000000 ---p 00000000 00:00 0 
7f49ac000000-7f49ac021000 rw-p 00000000 00:00 0 
7f49ac021000-7f49b0000000 ---p 00000000 00:00 0 
7f49b0000000-7f49b0021000 rw-p 00000000 00:00 0 
7f49b0021000-7f49b4000000 ---p 00000000 00:00 0 
7f49b4000000-7f49b4881000 rw-p 00000000 00:00 0 
7f49b4881000-7f49b8000000 ---p 00000000 00:00 0 
7f49b8000000-7f49b8257000 rw-p 00000000 00:00 0 
7f49b8257000-7f49bc000000 ---p 00000000 00:00 0 
7f49bc000000-7f49bc021000 rw-p 00000000 00:00 0 
7f49bc021000-7f49c0000000 ---p 00000000 00:00 0 
7f49c0000000-7f49c087a000 rw-p 00000000 00:00 0 
7f49c087a000-7f49c4000000 ---p 00000000 00:00 0 
7f49c4000000-7f49c4021000 rw-p 00000000 00:00 0 
7f49c4021000-7f49c8000000 ---p 00000000 00:00 0 
7f49c8000000-7f49c8021000 rw-p 00000000 00:00 0 
7f49c8021000-7f49cc000000 ---p 00000000 00:00 0 
7f49cc000000-7f49cc02d000 rw-p 00000000 00:00 0 
7f49cc02d000-7f49d0000000 ---p 00000000 00:00 0 
7f49d018f000-7f49d0192000 ---p 00000000 00:00 0 
7f49d0192000-7f49d0290000 rw-p 00000000 00:00 0 
7f49d0290000-7f49d0293000 ---p 00000000 00:00 0 
7f49d0293000-7f49d0391000 rw-p 00000000 00:00 0 
7f49d0391000-7f49d0394000 ---p 00000000 00:00 0 
7f49d0394000-7f49d0492000 rw-p 00000000 00:00 0 
7f49d0492000-7f49d0495000 ---p 00000000 00:00 0 
7f49d0495000-7f49d0593000 rw-p 00000000 00:00 0 
7f49d0593000-7f49d0596000 ---p 00000000 00:00 0 
7f49d0596000-7f49d0694000 rw-p 00000000 00:00 0 
7f49d0694000-7f49d0697000 ---p 00000000 00:00 0 
7f49d0697000-7f49d0795000 rw-p 00000000 00:00 0 
7f49d0795000-7f49d0798000 ---p 00000000 00:00 0 
7f49d0798000-7f49d0896000 rw-p 00000000 00:00 0 
7f49d0896000-7f49d0899000 ---p 00000000 00:00 0 
7f49d0899000-7f49d0997000 rw-p 00000000 00:00 0 
7f49d0997000-7f49d099a000 ---p 00000000 00:00 0 
7f49d099a000-7f49d0a98000 rw-p 00000000 00:00 0 
7f49d0a98000-7f49d0a9b000 ---p 00000000 00:00 0 
7f49d0a9b000-7f49d0b99000 rw-p 00000000 00:00 0 
7f49d0b99000-7f49d0b9c000 ---p 00000000 00:00 0 
7f49d0b9c000-7f49d0c9a000 rw-p 00000000 00:00 0 
7f49d0c9a000-7f49d0c9d000 ---p 00000000 00:00 0 
7f49d0c9d000-7f49d0d9b000 rw-p 00000000 00:00 0 
7f49d0d9b000-7f49d0d9e000 ---p 00000000 00:00 0 
7f49d0d9e000-7f49d0e9c000 rw-p 00000000 00:00 0 
7f49d0e9c000-7f49d0e9f000 ---p 00000000 00:00 0 
7f49d0e9f000-7f49d0f9d000 rw-p 00000000 00:00 0 
7f49d0f9d000-7f49d0fa0000 ---p 00000000 00:00 0 
7f49d0fa0000-7f49d109e000 rw-p 00000000 00:00 0 
7f49d109e000-7f49d10a1000 ---p 00000000 00:00 0 
7f49d10a1000-7f49d119f000 rw-p 00000000 00:00 0 
7f49d119f000-7f49d11a2000 ---p 00000000 00:00 0 
7f49d11a2000-7f49d12a0000 rw-p 00000000 00:00 0 
7f49d12a0000-7f49d12a3000 ---p 00000000 00:00 0 
7f49d12a3000-7f49d13a1000 rw-p 00000000 00:00 0 
7f49d13a1000-7f49d13a4000 ---p 00000000 00:00 0 
7f49d13a4000-7f49d14a2000 rw-p 00000000 00:00 0 
7f49d14a2000-7f49d14a5000 ---p 00000000 00:00 0 
7f49d14a5000-7f49d15a3000 rw-p 00000000 00:00 0 
7f49d15a3000-7f49d15a6000 ---p 00000000 00:00 0 
7f49d15a6000-7f49d16a4000 rw-p 00000000 00:00 0 
7f49d16a4000-7f49d16a7000 ---p 00000000 00:00 0 
7f49d16a7000-7f49d17a5000 rw-p 00000000 00:00 0 
7f49d17a5000-7f49d17a8000 ---p 00000000 00:00 0 
7f49d17a8000-7f49d18a6000 rw-p 00000000 00:00 0 
7f49d18a6000-7f49d18a9000 ---p 00000000 00:00 0 
7f49d18a9000-7f49d19a7000 rw-p 00000000 00:00 0 
7f49d19a7000-7f49d19aa000 ---p 00000000 00:00 0 
7f49d19aa000-7f49d1aa8000 rw-p 00000000 00:00 0 
7f49d1aa8000-7f49d1aab000 ---p 00000000 00:00 0 
7f49d1aab000-7f49d1ba9000 rw-p 00000000 00:00 0 
7f49d1ba9000-7f49d1bac000 ---p 00000000 00:00 0 
7f49d1bac000-7f49d1caa000 rw-p 00000000 00:00 0 
7f49d1caa000-7f49d1cad000 ---p 00000000 00:00 0 
7f49d1cad000-7f49d1dab000 rw-p 00000000 00:00 0 
7f49d1dab000-7f49d1dae000 ---p 00000000 00:00 0 
7f49d1dae000-7f49d1eac000 rw-p 00000000 00:00 0 
7f49d1eac000-7f49d1eaf000 ---p 00000000 00:00 0 
7f49d1eaf000-7f49d1fad000 rw-p 00000000 00:00 0 
7f49d1fad000-7f49d1fb0000 ---p 00000000 00:00 0 
7f49d1fb0000-7f49d20ae000 rw-p 00000000 00:00 0 
7f49d20ae000-7f49d20b1000 ---p 00000000 00:00 0 
7f49d20b1000-7f49d21af000 rw-p 00000000 00:00 0 
7f49d21af000-7f49d21b2000 ---p 00000000 00:00 0 
7f49d21b2000-7f49d22b0000 rw-p 00000000 00:00 0 
7f49d22b0000-7f49d22b3000 ---p 00000000 00:00 0 
7f49d22b3000-7f49d23b1000 rw-p 00000000 00:00 0 
7f49d23b1000-7f49d23b4000 ---p 00000000 00:00 0 
7f49d23b4000-7f49d24b2000 rw-p 00000000 00:00 0 
7f49d24b2000-7f49d24b5000 ---p 00000000 00:00 0 
7f49d24b5000-7f49d25b3000 rw-p 00000000 00:00 0 
7f49d25b3000-7f49d25b6000 ---p 00000000 00:00 0 
7f49d25b6000-7f49d26b4000 rw-p 00000000 00:00 0 
7f49d26b4000-7f49d26b7000 ---p 00000000 00:00 0 
7f49d26b7000-7f49d27b5000 rw-p 00000000 00:00 0 
7f49d27b5000-7f49d27b8000 ---p 00000000 00:00 0 
7f49d27b8000-7f49d28b6000 rw-p 00000000 00:00 0 
7f49d28b6000-7f49d28cc000 r-xp 00000000 08:09 1720197                    /usr/lib/jvm/java-8-openjdk/jre/lib/amd64/libnet.so
7f49d28cc000-7f49d2acc000 ---p 00016000 08:09 1720197                    /usr/lib/jvm/java-8-openjdk/jre/lib/amd64/libnet.so
7f49d2acc000-7f49d2acd000 r--p 00016000 08:09 1720197                    /usr/lib/jvm/java-8-openjdk/jre/lib/amd64/libnet.so
7f49d2acd000-7f49d2ace000 rw-p 00017000 08:09 1720197                    /usr/lib/jvm/java-8-openjdk/jre/lib/amd64/libnet.so
7f49d2ace000-7f49d2adf000 r-xp 00000000 08:09 1720200                    /usr/lib/jvm/java-8-openjdk/jre/lib/amd64/libnio.so
7f49d2adf000-7f49d2cdf000 ---p 00011000 08:09 1720200                    /usr/lib/jvm/java-8-openjdk/jre/lib/amd64/libnio.so
7f49d2cdf000-7f49d2ce0000 r--p 00011000 08:09 1720200                    /usr/lib/jvm/java-8-openjdk/jre/lib/amd64/libnio.so
7f49d2ce0000-7f49d2ce1000 rw-p 00012000 08:09 1720200                    /usr/lib/jvm/java-8-openjdk/jre/lib/amd64/libnio.so
7f49d2ce1000-7f49d2ce2000 ---p 00000000 00:00 0 
7f49d2ce2000-7f49d2de2000 rw-p 00000000 00:00 0 
7f49d2de2000-7f49d2de5000 ---p 00000000 00:00 0 
7f49d2de5000-7f49d2ee3000 rw-p 00000000 00:00 0 
7f49d2ee3000-7f49d2ee4000 ---p 00000000 00:00 0 
7f49d2ee4000-7f49d2ee7000 ---p 00000000 00:00 0 
7f49d2ee7000-7f49d2fe4000 rw-p 00000000 00:00 0 
7f49d2fe4000-7f49d2fe5000 ---p 00000000 00:00 0 
7f49d2fe5000-7f49d2fe8000 ---p 00000000 00:00 0 
7f49d2fe8000-7f49d30e5000 rw-p 00000000 00:00 0 
7f49d30e5000-7f49d30e6000 ---p 00000000 00:00 0 
7f49d30e6000-7f49d30e9000 ---p 00000000 00:00 0 
7f49d30e9000-7f49d31e6000 rw-p 00000000 00:00 0 
7f49d31e6000-7f49d31e9000 ---p 00000000 00:00 0 
7f49d31e9000-7f49d32e7000 rw-p 00000000 00:00 0 
7f49d32e7000-7f49d3482000 r--p 00000000 08:09 1577342                    /usr/lib/locale/locale-archive
7f49d3482000-7f49d3485000 ---p 00000000 00:00 0 
7f49d3485000-7f49d3583000 rw-p 00000000 00:00 0 
7f49d3583000-7f49d3586000 ---p 00000000 00:00 0 
7f49d3586000-7f49d3684000 rw-p 00000000 00:00 0 
7f49d3684000-7f49d3685000 ---p 00000000 00:00 0 
7f49d3685000-7f49d8000000 rw-p 00000000 00:00 0 
7f49d8000000-7f49d8021000 rw-p 00000000 00:00 0 
7f49d8021000-7f49dc000000 ---p 00000000 00:00 0 
7f49dc000000-7f49dc021000 rw-p 00000000 00:00 0 
7f49dc021000-7f49e0000000 ---p 00000000 00:00 0 
7f49e0000000-7f49e0021000 rw-p 00000000 00:00 0 
7f49e0021000-7f49e4000000 ---p 00000000 00:00 0 
7f49e4000000-7f49e4021000 rw-p 00000000 00:00 0 
7f49e4021000-7f49e8000000 ---p 00000000 00:00 0 
7f49e8025000-7f49e88a9000 rw-p 00000000 00:00 0 
7f49e88a9000-7f49e8c29000 ---p 00000000 00:00 0 
7f49e8c29000-7f49e9000000 rw-p 00000000 00:00 0 
7f49e9000000-7f49e9280000 rwxp 00000000 00:00 0 
7f49e9280000-7f49f8000000 ---p 00000000 00:00 0 
7f49f8000000-7f49f8277000 rw-p 00000000 00:00 0 
7f49f8277000-7f49fc000000 ---p 00000000 00:00 0 
7f49fc01b000-7f49fc069000 rw-p 00000000 00:00 0 
7f49fc069000-7f49fc238000 r--s 03c2b000 08:09 1720165                    /usr/lib/jvm/java-8-openjdk/jre/lib/rt.jar
7f49fc238000-7f49fc2ae000 rw-p 00000000 00:00 0 
7f49fc2ae000-7f49fc2af000 ---p 00000000 00:00 0 
7f49fc2af000-7f49fc3af000 rw-p 00000000 00:00 0 
7f49fc3af000-7f49fc3b0000 ---p 00000000 00:00 0 
7f49fc3b0000-7f49fc4b0000 rw-p 00000000 00:00 0 
7f49fc4b0000-7f49fc4b1000 ---p 00000000 00:00 0 
7f49fc4b1000-7f49fc5b1000 rw-p 00000000 00:00 0 
7f49fc5b1000-7f49fc5b2000 ---p 00000000 00:00 0 
7f49fc5b2000-7f49fc6dc000 rw-p 00000000 00:00 0 
7f49fc6dc000-7f49fc942000 ---p 00000000 00:00 0 
7f49fc942000-7f49fc96c000 rw-p 00000000 00:00 0 
7f49fc96c000-7f49fcbd1000 ---p 00000000 00:00 0 
7f49fcbd1000-7f49fcc12000 rw-p 00000000 00:00 0 
7f49fcc12000-7f49fcd19000 ---p 00000000 00:00 0 
7f49fcd19000-7f49fcd24000 rw-p 00000000 00:00 0 
7f49fcd24000-7f49fd0da000 ---p 00000000 00:00 0 
7f49fd0da000-7f49fd0e2000 r-xp 00000000 08:09 1720204                    /usr/lib/jvm/java-8-openjdk/jre/lib/amd64/libzip.so
7f49fd0e2000-7f49fd2e1000 ---p 00008000 08:09 1720204                    /usr/lib/jvm/java-8-openjdk/jre/lib/amd64/libzip.so
7f49fd2e1000-7f49fd2e2000 r--p 00007000 08:09 1720204                    /usr/lib/jvm/java-8-openjdk/jre/lib/amd64/libzip.so
7f49fd2e2000-7f49fd2e3000 rw-p 00008000 08:09 1720204                    /usr/lib/jvm/java-8-openjdk/jre/lib/amd64/libzip.so
7f49fd2e3000-7f49fd2ee000 r-xp 00000000 08:09 1571984                    /usr/lib/libnss_files-2.26.so
7f49fd2ee000-7f49fd4ed000 ---p 0000b000 08:09 1571984                    /usr/lib/libnss_files-2.26.so
7f49fd4ed000-7f49fd4ee000 r--p 0000a000 08:09 1571984                    /usr/lib/libnss_files-2.26.so
7f49fd4ee000-7f49fd4ef000 rw-p 0000b000 08:09 1571984                    /usr/lib/libnss_files-2.26.so
7f49fd4ef000-7f49fd4f5000 rw-p 00000000 00:00 0 
7f49fd4f5000-7f49fd523000 r-xp 00000000 08:09 1720183                    /usr/lib/jvm/java-8-openjdk/jre/lib/amd64/libjava.so
7f49fd523000-7f49fd722000 ---p 0002e000 08:09 1720183                    /usr/lib/jvm/java-8-openjdk/jre/lib/amd64/libjava.so
7f49fd722000-7f49fd723000 r--p 0002d000 08:09 1720183                    /usr/lib/jvm/java-8-openjdk/jre/lib/amd64/libjava.so
7f49fd723000-7f49fd725000 rw-p 0002e000 08:09 1720183                    /usr/lib/jvm/java-8-openjdk/jre/lib/amd64/libjava.so
7f49fd725000-7f49fd732000 r-xp 00000000 08:09 1720210                    /usr/lib/jvm/java-8-openjdk/jre/lib/amd64/libverify.so
7f49fd732000-7f49fd931000 ---p 0000d000 08:09 1720210                    /usr/lib/jvm/java-8-openjdk/jre/lib/amd64/libverify.so
7f49fd931000-7f49fd933000 r--p 0000c000 08:09 1720210                    /usr/lib/jvm/java-8-openjdk/jre/lib/amd64/libverify.so
7f49fd933000-7f49fd934000 rw-p 0000e000 08:09 1720210                    /usr/lib/jvm/java-8-openjdk/jre/lib/amd64/libverify.so
7f49fd934000-7f49fd93b000 r-xp 00000000 08:09 1571973                    /usr/lib/librt-2.26.so
7f49fd93b000-7f49fdb3a000 ---p 00007000 08:09 1571973                    /usr/lib/librt-2.26.so
7f49fdb3a000-7f49fdb3b000 r--p 00006000 08:09 1571973                    /usr/lib/librt-2.26.so
7f49fdb3b000-7f49fdb3c000 rw-p 00007000 08:09 1571973                    /usr/lib/librt-2.26.so
7f49fdb3c000-7f49fdc87000 r-xp 00000000 08:09 1571978                    /usr/lib/libm-2.26.so
7f49fdc87000-7f49fde86000 ---p 0014b000 08:09 1571978                    /usr/lib/libm-2.26.so
7f49fde86000-7f49fde87000 r--p 0014a000 08:09 1571978                    /usr/lib/libm-2.26.so
7f49fde87000-7f49fde88000 rw-p 0014b000 08:09 1571978                    /usr/lib/libm-2.26.so
7f49fde88000-7f49feb2a000 r-xp 00000000 08:09 1720216                    /usr/lib/jvm/java-8-openjdk/jre/lib/amd64/server/libjvm.so
7f49feb2a000-7f49fed2a000 ---p 00ca2000 08:09 1720216                    /usr/lib/jvm/java-8-openjdk/jre/lib/amd64/server/libjvm.so
7f49fed2a000-7f49fedbe000 r--p 00ca2000 08:09 1720216                    /usr/lib/jvm/java-8-openjdk/jre/lib/amd64/server/libjvm.so
7f49fedbe000-7f49fede6000 rw-p 00d36000 08:09 1720216                    /usr/lib/jvm/java-8-openjdk/jre/lib/amd64/server/libjvm.so
7f49fede6000-7f49fee17000 rw-p 00000000 00:00 0 
7f49fee17000-7f49fefc5000 r-xp 00000000 08:09 1572037                    /usr/lib/libc-2.26.so
7f49fefc5000-7f49ff1c4000 ---p 001ae000 08:09 1572037                    /usr/lib/libc-2.26.so
7f49ff1c4000-7f49ff1c8000 r--p 001ad000 08:09 1572037                    /usr/lib/libc-2.26.so
7f49ff1c8000-7f49ff1ca000 rw-p 001b1000 08:09 1572037                    /usr/lib/libc-2.26.so
7f49ff1ca000-7f49ff1ce000 rw-p 00000000 00:00 0 
7f49ff1ce000-7f49ff1d1000 r-xp 00000000 08:09 1571980                    /usr/lib/libdl-2.26.so
7f49ff1d1000-7f49ff3d0000 ---p 00003000 08:09 1571980                    /usr/lib/libdl-2.26.so
7f49ff3d0000-7f49ff3d1000 r--p 00002000 08:09 1571980                    /usr/lib/libdl-2.26.so
7f49ff3d1000-7f49ff3d2000 rw-p 00003000 08:09 1571980                    /usr/lib/libdl-2.26.so
7f49ff3d2000-7f49ff3e0000 r-xp 00000000 08:09 1720215                    /usr/lib/jvm/java-8-openjdk/jre/lib/amd64/jli/libjli.so
7f49ff3e0000-7f49ff5df000 ---p 0000e000 08:09 1720215                    /usr/lib/jvm/java-8-openjdk/jre/lib/amd64/jli/libjli.so
7f49ff5df000-7f49ff5e0000 r--p 0000d000 08:09 1720215                    /usr/lib/jvm/java-8-openjdk/jre/lib/amd64/jli/libjli.so
7f49ff5e0000-7f49ff5e1000 rw-p 0000e000 08:09 1720215                    /usr/lib/jvm/java-8-openjdk/jre/lib/amd64/jli/libjli.so
7f49ff5e1000-7f49ff5f7000 r-xp 00000000 08:09 1576512                    /usr/lib/libz.so.1.2.11
7f49ff5f7000-7f49ff7f6000 ---p 00016000 08:09 1576512                    /usr/lib/libz.so.1.2.11
7f49ff7f6000-7f49ff7f7000 r--p 00015000 08:09 1576512                    /usr/lib/libz.so.1.2.11
7f49ff7f7000-7f49ff7f8000 rw-p 00016000 08:09 1576512                    /usr/lib/libz.so.1.2.11
7f49ff7f8000-7f49ff811000 r-xp 00000000 08:09 1572059                    /usr/lib/libpthread-2.26.so
7f49ff811000-7f49ffa10000 ---p 00019000 08:09 1572059                    /usr/lib/libpthread-2.26.so
7f49ffa10000-7f49ffa11000 r--p 00018000 08:09 1572059                    /usr/lib/libpthread-2.26.so
7f49ffa11000-7f49ffa12000 rw-p 00019000 08:09 1572059                    /usr/lib/libpthread-2.26.so
7f49ffa12000-7f49ffa16000 rw-p 00000000 00:00 0 
7f49ffa16000-7f49ffa3b000 r-xp 00000000 08:09 1572038                    /usr/lib/ld-2.26.so
7f49ffa5d000-7f49ffa83000 r--p 00000000 08:09 1573503                    /usr/share/locale/fr/LC_MESSAGES/libc.mo
7f49ffa83000-7f49ffb05000 rw-p 00000000 00:00 0 
7f49ffb05000-7f49ffb06000 ---p 00000000 00:00 0 
7f49ffb06000-7f49ffb09000 ---p 00000000 00:00 0 
7f49ffb09000-7f49ffc0a000 rw-p 00000000 00:00 0 
7f49ffc26000-7f49ffc2b000 r--s 0009d000 08:09 1720147                    /usr/lib/jvm/java-8-openjdk/jre/lib/jsse.jar
7f49ffc2b000-7f49ffc30000 r--s 00050000 08:09 1083212                    /home/terrainwax/Repo/tekCode.jar
7f49ffc30000-7f49ffc38000 rw-s 00000000 00:2b 842105                     /tmp/hsperfdata_terrainwax/4241
7f49ffc38000-7f49ffc39000 rw-p 00000000 00:00 0 
7f49ffc39000-7f49ffc3a000 ---p 00000000 00:00 0 
7f49ffc3a000-7f49ffc3b000 r--p 00024000 08:09 1572038                    /usr/lib/ld-2.26.so
7f49ffc3b000-7f49ffc3c000 rw-p 00025000 08:09 1572038                    /usr/lib/ld-2.26.so
7f49ffc3c000-7f49ffc3d000 rw-p 00000000 00:00 0 
7fff2c4eb000-7fff2c50c000 rw-p 00000000 00:00 0                          [stack]
7fff2c583000-7fff2c586000 r--p 00000000 00:00 0                          [vvar]
7fff2c586000-7fff2c588000 r-xp 00000000 00:00 0                          [vdso]

VM Arguments:
java_command: ../tekCode.jar .
java_class_path (initial): ../tekCode.jar
Launcher Type: SUN_STANDARD

Environment Variables:
PATH=/usr/local/bin:/usr/bin:/bin:/usr/local/sbin:/usr/lib/jvm/default/bin:/usr/bin/site_perl:/usr/bin/vendor_perl:/usr/bin/core_perl:/home/terrainwax/.rvm/bin
SHELL=/bin/bash
DISPLAY=:0

Signal Handlers:
SIGSEGV: [libjvm.so+0xaa8a00], sa_mask[0]=11111111011111111101111111111110, sa_flags=SA_RESTART|SA_SIGINFO
SIGBUS: [libjvm.so+0xaa8a00], sa_mask[0]=11111111011111111101111111111110, sa_flags=SA_RESTART|SA_SIGINFO
SIGFPE: [libjvm.so+0x8df590], sa_mask[0]=11111111011111111101111111111110, sa_flags=SA_RESTART|SA_SIGINFO
SIGPIPE: [libjvm.so+0x8df590], sa_mask[0]=11111111011111111101111111111110, sa_flags=SA_RESTART|SA_SIGINFO
SIGXFSZ: [libjvm.so+0x8df590], sa_mask[0]=11111111011111111101111111111110, sa_flags=SA_RESTART|SA_SIGINFO
SIGILL: [libjvm.so+0x8df590], sa_mask[0]=11111111011111111101111111111110, sa_flags=SA_RESTART|SA_SIGINFO
SIGUSR1: SIG_DFL, sa_mask[0]=00000000000000000000000000000000, sa_flags=none
SIGUSR2: [libjvm.so+0x8df440], sa_mask[0]=00000000000000000000000000000000, sa_flags=SA_RESTART|SA_SIGINFO
SIGHUP: [libjvm.so+0x8df8f0], sa_mask[0]=11111111011111111101111111111110, sa_flags=SA_RESTART|SA_SIGINFO
SIGINT: [libjvm.so+0x8df8f0], sa_mask[0]=11111111011111111101111111111110, sa_flags=SA_RESTART|SA_SIGINFO
SIGTERM: [libjvm.so+0x8df8f0], sa_mask[0]=11111111011111111101111111111110, sa_flags=SA_RESTART|SA_SIGINFO
SIGQUIT: [libjvm.so+0x8df8f0], sa_mask[0]=11111111011111111101111111111110, sa_flags=SA_RESTART|SA_SIGINFO


---------------  S Y S T E M  ---------------

OS:NAME="Arch Linux"
PRETTY_NAME="Arch Linux"
ID=arch
ID_LIKE=archlinux
ANSI_COLOR="0;36"
HOME_URL="https://www.archlinux.org/"
SUPPORT_URL="https://bbs.archlinux.org/"
BUG_REPORT_URL="https://bugs.archlinux.org/"

uname:Linux 4.16.3-1-ARCH #1 SMP PREEMPT Thu Apr 19 09:17:56 UTC 2018 x86_64
libc:glibc 2.26 NPTL 2.26 
rlimit: STACK 8192k, CORE infinity, NPROC 30447, NOFILE 4096, AS infinity
load average:2,07 1,98 1,74

/proc/meminfo:
MemTotal:        8049728 kB
MemFree:          113496 kB
MemAvailable:      24952 kB
Buffers:            1348 kB
Cached:          1449836 kB
SwapCached:            0 kB
Active:          6096656 kB
Inactive:        1426108 kB
Active(anon):    6079136 kB
Inactive(anon):  1407788 kB
Active(file):      17520 kB
Inactive(file):    18320 kB
Unevictable:          96 kB
Mlocked:              96 kB
SwapTotal:             0 kB
SwapFree:              0 kB
Dirty:                56 kB
Writeback:             0 kB
AnonPages:       6071908 kB
Mapped:           581808 kB
Shmem:           1415904 kB
Slab:             153316 kB
SReclaimable:      59068 kB
SUnreclaim:        94248 kB
KernelStack:       19328 kB
PageTables:       106108 kB
NFS_Unstable:          0 kB
Bounce:                0 kB
WritebackTmp:          0 kB
CommitLimit:     4024864 kB
Committed_AS:   20336892 kB
VmallocTotal:   34359738367 kB
VmallocUsed:           0 kB
VmallocChunk:          0 kB
HardwareCorrupted:     0 kB
AnonHugePages:         0 kB
ShmemHugePages:        0 kB
ShmemPmdMapped:        0 kB
HugePages_Total:       0
HugePages_Free:        0
HugePages_Rsvd:        0
HugePages_Surp:        0
Hugepagesize:       2048 kB
Hugetlb:               0 kB
DirectMap4k:      343024 kB
DirectMap2M:     7923712 kB
DirectMap1G:           0 kB


CPU:total 4 (initial active 4) (2 cores per cpu, 2 threads per core) family 6 model 78 stepping 3, cmov, cx8, fxsr, mmx, sse, sse2, sse3, ssse3, sse4.1, sse4.2, popcnt, avx, avx2, aes, clmul, erms, 3dnowpref, lzcnt, ht, tsc, tscinvbit, bmi1, bmi2, adx

/proc/cpuinfo:
processor	: 0
vendor_id	: GenuineIntel
cpu family	: 6
model		: 78
model name	: Intel(R) Core(TM) i7-6500U CPU @ 2.50GHz
stepping	: 3
microcode	: 0xc2
cpu MHz		: 2699.998
cache size	: 4096 KB
physical id	: 0
siblings	: 4
core id		: 0
cpu cores	: 2
apicid		: 0
initial apicid	: 0
fpu		: yes
fpu_exception	: yes
cpuid level	: 22
wp		: yes
flags		: fpu vme de pse tsc msr pae mce cx8 apic sep mtrr pge mca cmov pat pse36 clflush dts acpi mmx fxsr sse sse2 ss ht tm pbe syscall nx pdpe1gb rdtscp lm constant_tsc art arch_perfmon pebs bts rep_good nopl xtopology nonstop_tsc cpuid aperfmperf tsc_known_freq pni pclmulqdq dtes64 monitor ds_cpl vmx est tm2 ssse3 sdbg fma cx16 xtpr pdcm pcid sse4_1 sse4_2 x2apic movbe popcnt tsc_deadline_timer aes xsave avx f16c rdrand lahf_lm abm 3dnowprefetch cpuid_fault epb invpcid_single pti tpr_shadow vnmi flexpriority ept vpid fsgsbase tsc_adjust bmi1 avx2 smep bmi2 erms invpcid mpx rdseed adx smap clflushopt intel_pt xsaveopt xsavec xgetbv1 xsaves ibpb ibrs stibp dtherm ida arat pln pts hwp hwp_notify hwp_act_window hwp_epp
bugs		: cpu_meltdown spectre_v1 spectre_v2
bogomips	: 5186.00
clflush size	: 64
cache_alignment	: 64
address sizes	: 39 bits physical, 48 bits virtual
power management:

processor	: 1
vendor_id	: GenuineIntel
cpu family	: 6
model		: 78
model name	: Intel(R) Core(TM) i7-6500U CPU @ 2.50GHz
stepping	: 3
microcode	: 0xc2
cpu MHz		: 2700.001
cache size	: 4096 KB
physical id	: 0
siblings	: 4
core id		: 1
cpu cores	: 2
apicid		: 2
initial apicid	: 2
fpu		: yes
fpu_exception	: yes
cpuid level	: 22
wp		: yes
flags		: fpu vme de pse tsc msr pae mce cx8 apic sep mtrr pge mca cmov pat pse36 clflush dts acpi mmx fxsr sse sse2 ss ht tm pbe syscall nx pdpe1gb rdtscp lm constant_tsc art arch_perfmon pebs bts rep_good nopl xtopology nonstop_tsc cpuid aperfmperf tsc_known_freq pni pclmulqdq dtes64 monitor ds_cpl vmx est tm2 ssse3 sdbg fma cx16 xtpr pdcm pcid sse4_1 sse4_2 x2apic movbe popcnt tsc_deadline_timer aes xsave avx f16c rdrand lahf_lm abm 3dnowprefetch cpuid_fault epb invpcid_single pti tpr_shadow vnmi flexpriority ept vpid fsgsbase tsc_adjust bmi1 avx2 smep bmi2 erms invpcid mpx rdseed adx smap clflushopt intel_pt xsaveopt xsavec xgetbv1 xsaves ibpb ibrs stibp dtherm ida arat pln pts hwp hwp_notify hwp_act_window hwp_epp
bugs		: cpu_meltdown spectre_v1 spectre_v2
bogomips	: 5186.00
clflush size	: 64
cache_alignment	: 64
address sizes	: 39 bits physical, 48 bits virtual
power management:

processor	: 2
vendor_id	: GenuineIntel
cpu family	: 6
model		: 78
model name	: Intel(R) Core(TM) i7-6500U CPU @ 2.50GHz
stepping	: 3
microcode	: 0xc2
cpu MHz		: 2699.999
cache size	: 4096 KB
physical id	: 0
siblings	: 4
core id		: 0
cpu cores	: 2
apicid		: 1
initial apicid	: 1
fpu		: yes
fpu_exception	: yes
cpuid level	: 22
wp		: yes
flags		: fpu vme de pse tsc msr pae mce cx8 apic sep mtrr pge mca cmov pat pse36 clflush dts acpi mmx fxsr sse sse2 ss ht tm pbe syscall nx pdpe1gb rdtscp lm constant_tsc art arch_perfmon pebs bts rep_good nopl xtopology nonstop_tsc cpuid aperfmperf tsc_known_freq pni pclmulqdq dtes64 monitor ds_cpl vmx est tm2 ssse3 sdbg fma cx16 xtpr pdcm pcid sse4_1 sse4_2 x2apic movbe popcnt tsc_deadline_timer aes xsave avx f16c rdrand lahf_lm abm 3dnowprefetch cpuid_fault epb invpcid_single pti tpr_shadow vnmi flexpriority ept vpid fsgsbase tsc_adjust bmi1 avx2 smep bmi2 erms invpcid mpx rdseed adx smap clflushopt intel_pt xsaveopt xsavec xgetbv1 xsaves ibpb ibrs stibp dtherm ida arat pln pts hwp hwp_notify hwp_act_window hwp_epp
bugs		: cpu_meltdown spectre_v1 spectre_v2
bogomips	: 5186.00
clflush size	: 64
cache_alignment	: 64
address sizes	: 39 bits physical, 48 bits virtual
power management:

processor	: 3
vendor_id	: GenuineIntel
cpu family	: 6
model		: 78
model name	: Intel(R) Core(TM) i7-6500U CPU @ 2.50GHz
stepping	: 3
microcode	: 0xc2
cpu MHz		: 2699.995
cache size	: 4096 KB
physical id	: 0
siblings	: 4
core id		: 1
cpu cores	: 2
apicid		: 3
initial apicid	: 3
fpu		: yes
fpu_exception	: yes
cpuid level	: 22
wp		: yes
flags		: fpu vme de pse tsc msr pae mce cx8 apic sep mtrr pge mca cmov pat pse36 clflush dts acpi mmx fxsr sse sse2 ss ht tm pbe syscall nx pdpe1gb rdtscp lm constant_tsc art arch_perfmon pebs bts rep_good nopl xtopology nonstop_tsc cpuid aperfmperf tsc_known_freq pni pclmulqdq dtes64 monitor ds_cpl vmx est tm2 ssse3 sdbg fma cx16 xtpr pdcm pcid sse4_1 sse4_2 x2apic movbe popcnt tsc_deadline_timer aes xsave avx f16c rdrand lahf_lm abm 3dnowprefetch cpuid_fault epb invpcid_single pti tpr_shadow vnmi flexpriority ept vpid fsgsbase tsc_adjust bmi1 avx2 smep bmi2 erms invpcid mpx rdseed adx smap clflushopt intel_pt xsaveopt xsavec xgetbv1 xsaves ibpb ibrs stibp dtherm ida arat pln pts hwp hwp_notify hwp_act_window hwp_epp
bugs		: cpu_meltdown spectre_v1 spectre_v2
bogomips	: 5186.00
clflush size	: 64
cache_alignment	: 64
address sizes	: 39 bits physical, 48 bits virtual
power management:



Memory: 4k page, physical 8049728k(110732k free), swap 0k(0k free)

vm_info: OpenJDK 64-Bit Server VM (25.162-b12) for linux-amd64 JRE (1.8.0_162-b12), built on Mar  1 2018 16:46:58 by "builduser" with gcc 7.3.0

time: Sun Apr 29 20:39:16 2018
elapsed time: 1 seconds (0d 0h 0m 1s)

